Using pre-set license
Built from '2020.3/staging' branch; Version is '2020.3.16f1 (049d6eca3c44) revision 302446'; Using compiler version '192528614'; Build Type 'Release'
OS: 'Windows 10 Pro; OS build 19042.1165; Version 2009; 64bit' Language: 'es' Physical Memory: 6074 MB
BatchMode: 1, IsHumanControllingUs: 0, StartBugReporterOnCrash: 0, Is64bit: 1, IsPro: 0

 COMMAND LINE ARGUMENTS:
C:\Program Files\Unity\2020.3.16f1\Editor\Unity.exe
-adb2
-batchMode
-noUpm
-name
AssetImportWorker0
-projectPath
C:/Users/USER/Desktop/Tezca/Unity/ArFoundation
-logFile
Logs/AssetImportWorker0.log
-srvPort
56742
Successfully changed project path to: C:/Users/USER/Desktop/Tezca/Unity/ArFoundation
C:/Users/USER/Desktop/Tezca/Unity/ArFoundation
Using Asset Import Pipeline V2.
Refreshing native plugins compatible for Editor in 176.61 ms, found 2 plugins.
Preloading 0 native plugins for Editor in 0.00 ms.
Initialize engine version: 2020.3.16f1 (049d6eca3c44)
[Subsystems] Discovering subsystems at path C:/Program Files/Unity/2020.3.16f1/Editor/Data/Resources/UnitySubsystems
[Subsystems] Discovering subsystems at path C:/Users/USER/Desktop/Tezca/Unity/ArFoundation/Assets
GfxDevice: creating device client; threaded=0
Direct3D:
    Version:  Direct3D 11.0 [level 11.1]
    Renderer: AMD Radeon(TM) RX Vega 11 Graphics (ID=0x15dd)
    Vendor:   
    VRAM:     3037 MB
    Driver:   27.20.1020.1
Initialize mono
Mono path[0] = 'C:/Program Files/Unity/2020.3.16f1/Editor/Data/Managed'
Mono path[1] = 'C:/Program Files/Unity/2020.3.16f1/Editor/Data/MonoBleedingEdge/lib/mono/unityjit'
Mono config path = 'C:/Program Files/Unity/2020.3.16f1/Editor/Data/MonoBleedingEdge/etc'
Using monoOptions --debugger-agent=transport=dt_socket,embedding=1,server=y,suspend=n,address=127.0.0.1:56572
Begin MonoManager ReloadAssembly
Registering precompiled unity dll's ...
Register platform support module: C:/Program Files/Unity/2020.3.16f1/Editor/Data/PlaybackEngines/WindowsStandaloneSupport/UnityEditor.WindowsStandalone.Extensions.dll
Registered in 0.004516 seconds.
Native extension for WindowsStandalone target not found
Refreshing native plugins compatible for Editor in 63.80 ms, found 2 plugins.
Preloading 0 native plugins for Editor in 0.00 ms.
Mono: successfully reloaded assembly
- Completed reload, in  4.406 seconds
Domain Reload Profiling:
	ReloadAssembly (4406ms)
		BeginReloadAssembly (109ms)
			ExecutionOrderSort (0ms)
			DisableScriptedObjects (0ms)
			BackupInstance (0ms)
			ReleaseScriptingObjects (0ms)
			CreateAndSetChildDomain (3ms)
		EndReloadAssembly (653ms)
			LoadAssemblies (103ms)
			RebuildTransferFunctionScriptingTraits (1ms)
			SetupTypeCache (224ms)
			ReleaseScriptCaches (0ms)
			RebuildScriptCaches (37ms)
			SetupLoadedEditorAssemblies (265ms)
				LogAssemblyErrors (0ms)
				InitializePlatformSupportModulesInManaged (6ms)
				SetLoadedEditorAssemblies (0ms)
				RefreshPlugins (64ms)
				BeforeProcessingInitializeOnLoad (27ms)
				ProcessInitializeOnLoadAttributes (124ms)
				ProcessInitializeOnLoadMethodAttributes (43ms)
				AfterProcessingInitializeOnLoad (0ms)
				EditorAssembliesLoaded (1ms)
			ExecutionOrderSort2 (0ms)
			AwakeInstancesAfterBackupRestoration (0ms)
Platform modules already initialized, skipping
Registering precompiled user dll's ...
Registered in 0.021013 seconds.
Begin MonoManager ReloadAssembly
Native extension for WindowsStandalone target not found
Refreshing native plugins compatible for Editor in 0.50 ms, found 2 plugins.
Preloading 0 native plugins for Editor in 0.00 ms.
Mono: successfully reloaded assembly
- Completed reload, in  1.689 seconds
Domain Reload Profiling:
	ReloadAssembly (1691ms)
		BeginReloadAssembly (197ms)
			ExecutionOrderSort (0ms)
			DisableScriptedObjects (5ms)
			BackupInstance (0ms)
			ReleaseScriptingObjects (0ms)
			CreateAndSetChildDomain (23ms)
		EndReloadAssembly (1401ms)
			LoadAssemblies (162ms)
			RebuildTransferFunctionScriptingTraits (0ms)
			SetupTypeCache (423ms)
			ReleaseScriptCaches (1ms)
			RebuildScriptCaches (58ms)
			SetupLoadedEditorAssemblies (599ms)
				LogAssemblyErrors (0ms)
				InitializePlatformSupportModulesInManaged (6ms)
				SetLoadedEditorAssemblies (1ms)
				RefreshPlugins (1ms)
				BeforeProcessingInitializeOnLoad (124ms)
				ProcessInitializeOnLoadAttributes (451ms)
				ProcessInitializeOnLoadMethodAttributes (7ms)
				AfterProcessingInitializeOnLoad (9ms)
				EditorAssembliesLoaded (1ms)
			ExecutionOrderSort2 (0ms)
			AwakeInstancesAfterBackupRestoration (10ms)
Platform modules already initialized, skipping
========================================================================
Worker process is ready to serve import requests
Launched and connected shader compiler UnityShaderCompiler.exe after 0.11 seconds
Refreshing native plugins compatible for Editor in 0.47 ms, found 2 plugins.
Preloading 0 native plugins for Editor in 0.00 ms.
Unloading 1796 Unused Serialized files (Serialized files now loaded: 0)
System memory in use before: 79.8 MB.
System memory in use after: 79.9 MB.

Unloading 20 unused Assets to reduce memory usage. Loaded Objects now: 2232.
Total: 9.263000 ms (FindLiveObjects: 0.227800 ms CreateObjectMapping: 0.051900 ms MarkObjects: 8.325100 ms  DeleteObjects: 0.655300 ms)

AssetImportParameters requested are different than current active one (requested -> active):
  custom:framework-win-MediaFoundation: 216162199b28c13a410421893ffa2e32 -> 
  custom:video-decoder-ogg-theora: a1e56fd34408186e4bbccfd4996cb3dc -> 
  custom:container-muxer-webm: aa71ff27fc2769a1b78a27578f13a17b -> 
  custom:container-demuxer-webm: 4f35f7cbe854078d1ac9338744f61a02 -> 
  custom:container-demuxer-ogg: 62fdf1f143b41e24485cea50d1cbac27 -> 
  custom:video-encoder-webm-vp8: eb34c28f22e8b96e1ab97ce403110664 -> 
  custom:video-decoder-webm-vp8: 9c59270c3fd7afecdb556c50c9e8de78 -> 
  custom:audio-decoder-ogg-vorbis: bf7c407c2cedff20999df2af8eb42d56 -> 
  custom:audio-encoder-webm-vorbis: bf7c407c2cedff20999df2af8eb42d56 -> 
========================================================================
Received Import Request.
  path: Assets/Modelos/Car.obj
  artifactKey: Guid(7aff92f672fab954ea46bdcc36b6fc66) Importer(815301076,1909f56bfc062723c751e8b465ee728b)
Start importing Assets/Modelos/Car.obj using Guid(7aff92f672fab954ea46bdcc36b6fc66) Importer(815301076,1909f56bfc062723c751e8b465ee728b)  -> (artifact id: '0c419a19d4551ec4f1fad07767d98c6b') in 0.391850 seconds 
  Import took 0.398431 seconds .

========================================================================
Received Import Request.
  Time since last request: 149.147162 seconds.
  path: Assets/Modelos/Car.mtl
  artifactKey: Guid(d4aa95d82a18a03408b0487e89458f5e) Importer(815301076,1909f56bfc062723c751e8b465ee728b)
Start importing Assets/Modelos/Car.mtl using Guid(d4aa95d82a18a03408b0487e89458f5e) Importer(815301076,1909f56bfc062723c751e8b465ee728b)  -> (artifact id: 'bfe56e8d72356a7e6f2748ff1019c639') in 0.008483 seconds 
  Import took 0.014403 seconds .

========================================================================
Received Import Request.
  Time since last request: 0.002568 seconds.
  path: Assets/Modelos/Car.mtl
  artifactKey: Guid(d4aa95d82a18a03408b0487e89458f5e) Importer(815301076,1909f56bfc062723c751e8b465ee728b)
Start importing Assets/Modelos/Car.mtl using Guid(d4aa95d82a18a03408b0487e89458f5e) Importer(815301076,1909f56bfc062723c751e8b465ee728b)  -> (artifact id: 'bfe56e8d72356a7e6f2748ff1019c639') in 0.005077 seconds 
  Import took 0.009801 seconds .

========================================================================
Received Import Request.
  Time since last request: 304.707854 seconds.
  path: Assets/Modelos/carro.fbx
  artifactKey: Guid(925315b36bf778f458995999e0911cc1) Importer(815301076,1909f56bfc062723c751e8b465ee728b)
Start importing Assets/Modelos/carro.fbx using Guid(925315b36bf778f458995999e0911cc1) Importer(815301076,1909f56bfc062723c751e8b465ee728b)  -> (artifact id: '4c18b14856025d13a68256a7ec833849') in 0.231570 seconds 
  Import took 0.237734 seconds .

========================================================================
Received Import Request.
  Time since last request: 208.271044 seconds.
  path: Assets/Modelos/carro.fbx
  artifactKey: Guid(925315b36bf778f458995999e0911cc1) Importer(815301076,1909f56bfc062723c751e8b465ee728b)
Start importing Assets/Modelos/carro.fbx using Guid(925315b36bf778f458995999e0911cc1) Importer(815301076,1909f56bfc062723c751e8b465ee728b)  -> (artifact id: '38dcc90a8a003ce66cb2a8a632629482') in 0.007226 seconds 
  Import took 0.011381 seconds .

========================================================================
Received Import Request.
  Time since last request: 57.400682 seconds.
  path: Assets/Modelos/carro.fbx
  artifactKey: Guid(925315b36bf778f458995999e0911cc1) Importer(815301076,1909f56bfc062723c751e8b465ee728b)
Start importing Assets/Modelos/carro.fbx using Guid(925315b36bf778f458995999e0911cc1) Importer(815301076,1909f56bfc062723c751e8b465ee728b)  -> (artifact id: '334d92723fd223e50e3dce71b95f73d9') in 0.203972 seconds 
  Import took 0.209527 seconds .

========================================================================
Received Import Request.
  Time since last request: 85.149336 seconds.
  path: Assets/Modelos/carro.fbx
  artifactKey: Guid(925315b36bf778f458995999e0911cc1) Importer(815301076,1909f56bfc062723c751e8b465ee728b)
Start importing Assets/Modelos/carro.fbx using Guid(925315b36bf778f458995999e0911cc1) Importer(815301076,1909f56bfc062723c751e8b465ee728b)  -> (artifact id: '2c3ba939f51267f86c798f8232e3ef77') in 0.213855 seconds 
  Import took 0.219392 seconds .

========================================================================
Received Import Request.
  Time since last request: 62.808144 seconds.
  path: Assets/Modelos/carro.fbx
  artifactKey: Guid(925315b36bf778f458995999e0911cc1) Importer(815301076,1909f56bfc062723c751e8b465ee728b)
Start importing Assets/Modelos/carro.fbx using Guid(925315b36bf778f458995999e0911cc1) Importer(815301076,1909f56bfc062723c751e8b465ee728b)  -> (artifact id: 'c0a35cc06a3d3b590b3bf2af38c82a1b') in 0.230125 seconds 
  Import took 0.236009 seconds .

========================================================================
Received Import Request.
  Time since last request: 117.401764 seconds.
  path: Assets/Prefab/SpawnObject.prefab
  artifactKey: Guid(8c1724a74e2cf454383674f5d3556baf) Importer(815301076,1909f56bfc062723c751e8b465ee728b)
Start importing Assets/Prefab/SpawnObject.prefab using Guid(8c1724a74e2cf454383674f5d3556baf) Importer(815301076,1909f56bfc062723c751e8b465ee728b)  -> (artifact id: '39381317ca3df7a3f6e3efe575e3b6c0') in 0.038288 seconds 
  Import took 0.043341 seconds .

========================================================================
Received Import Request.
  Time since last request: 17.772242 seconds.
  path: Assets/Prefab/SpawnObject.prefab
  artifactKey: Guid(8c1724a74e2cf454383674f5d3556baf) Importer(815301076,1909f56bfc062723c751e8b465ee728b)
Start importing Assets/Prefab/SpawnObject.prefab using Guid(8c1724a74e2cf454383674f5d3556baf) Importer(815301076,1909f56bfc062723c751e8b465ee728b)  -> (artifact id: '6d8e6df59cffcd7ab28c9f4d253bd2e1') in 0.022379 seconds 
  Import took 0.028107 seconds .

========================================================================
Received Import Request.
  Time since last request: 6.338813 seconds.
  path: Assets/Prefab/SpawnObject.prefab
  artifactKey: Guid(8c1724a74e2cf454383674f5d3556baf) Importer(815301076,1909f56bfc062723c751e8b465ee728b)
Start importing Assets/Prefab/SpawnObject.prefab using Guid(8c1724a74e2cf454383674f5d3556baf) Importer(815301076,1909f56bfc062723c751e8b465ee728b)  -> (artifact id: '3827f0000f9ae2f4bccfbdeac37d7358') in 0.025191 seconds 
  Import took 0.030731 seconds .

========================================================================
Received Import Request.
  Time since last request: 11.649124 seconds.
  path: Assets/Prefab/SpawnObject.prefab
  artifactKey: Guid(8c1724a74e2cf454383674f5d3556baf) Importer(815301076,1909f56bfc062723c751e8b465ee728b)
Start importing Assets/Prefab/SpawnObject.prefab using Guid(8c1724a74e2cf454383674f5d3556baf) Importer(815301076,1909f56bfc062723c751e8b465ee728b)  -> (artifact id: '2317fb70218929e2d4452215fd416493') in 0.032069 seconds 
  Import took 0.037906 seconds .

========================================================================
Received Import Request.
  Time since last request: 5793.796389 seconds.
  path: Assets/Prefab/PrefabPrueba.prefab
  artifactKey: Guid(a8a2acaff23cfeb47bfedeb27e4189f4) Importer(815301076,1909f56bfc062723c751e8b465ee728b)
Start importing Assets/Prefab/PrefabPrueba.prefab using Guid(a8a2acaff23cfeb47bfedeb27e4189f4) Importer(815301076,1909f56bfc062723c751e8b465ee728b)  -> (artifact id: '84e7d5929bb4e525813eab17a89895e2') in 0.064437 seconds 
  Import took 0.070408 seconds .

========================================================================
Received Prepare
Registering precompiled user dll's ...
Registered in 0.010769 seconds.
Begin MonoManager ReloadAssembly
Native extension for WindowsStandalone target not found
Refreshing native plugins compatible for Editor in 0.52 ms, found 2 plugins.
Preloading 0 native plugins for Editor in 0.00 ms.
Mono: successfully reloaded assembly
- Completed reload, in  1.557 seconds
Domain Reload Profiling:
	ReloadAssembly (1558ms)
		BeginReloadAssembly (230ms)
			ExecutionOrderSort (0ms)
			DisableScriptedObjects (9ms)
			BackupInstance (0ms)
			ReleaseScriptingObjects (0ms)
			CreateAndSetChildDomain (86ms)
		EndReloadAssembly (1200ms)
			LoadAssemblies (143ms)
			RebuildTransferFunctionScriptingTraits (0ms)
			SetupTypeCache (357ms)
			ReleaseScriptCaches (1ms)
			RebuildScriptCaches (49ms)
			SetupLoadedEditorAssemblies (505ms)
				LogAssemblyErrors (0ms)
				InitializePlatformSupportModulesInManaged (7ms)
				SetLoadedEditorAssemblies (1ms)
				RefreshPlugins (1ms)
				BeforeProcessingInitializeOnLoad (121ms)
				ProcessInitializeOnLoadAttributes (363ms)
				ProcessInitializeOnLoadMethodAttributes (5ms)
				AfterProcessingInitializeOnLoad (8ms)
				EditorAssembliesLoaded (0ms)
			ExecutionOrderSort2 (0ms)
			AwakeInstancesAfterBackupRestoration (11ms)
Platform modules already initialized, skipping
Switching build target platform(19) subTarget(0) extendedPlatform(0) -> platform(13) subTarget(589824) extendedPlatform(0)
Refreshing native plugins compatible for Editor in 0.46 ms, found 2 plugins.
Preloading 0 native plugins for Editor in 0.00 ms.
Unloading 1776 Unused Serialized files (Serialized files now loaded: 0)
System memory in use before: 81.6 MB.
System memory in use after: 81.7 MB.

Unloading 16 unused Assets to reduce memory usage. Loaded Objects now: 2279.
Total: 4.302600 ms (FindLiveObjects: 0.243700 ms CreateObjectMapping: 0.054300 ms MarkObjects: 3.941500 ms  DeleteObjects: 0.061100 ms)

AssetImportParameters requested are different than current active one (requested -> active):
  custom:framework-win-MediaFoundation: 216162199b28c13a410421893ffa2e32 -> 
  custom:video-decoder-ogg-theora: a1e56fd34408186e4bbccfd4996cb3dc -> 
  custom:container-muxer-webm: aa71ff27fc2769a1b78a27578f13a17b -> 
  custom:container-demuxer-webm: 4f35f7cbe854078d1ac9338744f61a02 -> 
  custom:container-demuxer-ogg: 62fdf1f143b41e24485cea50d1cbac27 -> 
  custom:video-encoder-webm-vp8: eb34c28f22e8b96e1ab97ce403110664 -> 
  custom:video-decoder-webm-vp8: 9c59270c3fd7afecdb556c50c9e8de78 -> 
  custom:graphics/normal-map-encoding: 01000000000000000000000000000000 -> 02000000000000000000000000000000
  custom:audio-decoder-ogg-vorbis: bf7c407c2cedff20999df2af8eb42d56 -> 
  custom:audio-encoder-webm-vorbis: bf7c407c2cedff20999df2af8eb42d56 -> 
========================================================================
Received Prepare
Refreshing native plugins compatible for Editor in 3.48 ms, found 2 plugins.
Preloading 0 native plugins for Editor in 0.00 ms.
Unloading 12 Unused Serialized files (Serialized files now loaded: 0)
System memory in use before: 46.6 MB.
System memory in use after: 46.7 MB.

Unloading 11 unused Assets to reduce memory usage. Loaded Objects now: 2280.
Total: 3.456500 ms (FindLiveObjects: 0.201200 ms CreateObjectMapping: 0.042700 ms MarkObjects: 3.144700 ms  DeleteObjects: 0.066800 ms)

AssetImportParameters requested are different than current active one (requested -> active):
  custom:framework-win-MediaFoundation: 216162199b28c13a410421893ffa2e32 -> 
  custom:video-decoder-ogg-theora: a1e56fd34408186e4bbccfd4996cb3dc -> 
  custom:container-muxer-webm: aa71ff27fc2769a1b78a27578f13a17b -> 
  custom:container-demuxer-webm: 4f35f7cbe854078d1ac9338744f61a02 -> 
  custom:container-demuxer-ogg: 62fdf1f143b41e24485cea50d1cbac27 -> 
  custom:video-encoder-webm-vp8: eb34c28f22e8b96e1ab97ce403110664 -> 
  custom:video-decoder-webm-vp8: 9c59270c3fd7afecdb556c50c9e8de78 -> 
  custom:audio-decoder-ogg-vorbis: bf7c407c2cedff20999df2af8eb42d56 -> 
  custom:audio-encoder-webm-vorbis: bf7c407c2cedff20999df2af8eb42d56 -> 
========================================================================
Received Import Request.
  Time since last request: 1140.420992 seconds.
  path: Assets/Prefab/SpawnObject.prefab
  artifactKey: Guid(8c1724a74e2cf454383674f5d3556baf) Importer(815301076,1909f56bfc062723c751e8b465ee728b)
Start importing Assets/Prefab/SpawnObject.prefab using Guid(8c1724a74e2cf454383674f5d3556baf) Importer(815301076,1909f56bfc062723c751e8b465ee728b)  -> (artifact id: '787d40e5fc4a5c1fddef120e9ca64c66') in 0.900086 seconds 
  Import took 0.953230 seconds .

========================================================================
Received Import Request.
  Time since last request: 0.699437 seconds.
  path: Assets/Prefab/SpawnObject.prefab
  artifactKey: Guid(8c1724a74e2cf454383674f5d3556baf) Importer(815301076,1909f56bfc062723c751e8b465ee728b)
Start importing Assets/Prefab/SpawnObject.prefab using Guid(8c1724a74e2cf454383674f5d3556baf) Importer(815301076,1909f56bfc062723c751e8b465ee728b)  -> (artifact id: '0af8cada41e598fa4605d11534c4c7da') in 0.035334 seconds 
  Import took 0.041148 seconds .

========================================================================
Received Import Request.
  Time since last request: 8.043879 seconds.
  path: Assets/Prefab/SpawnObject.prefab
  artifactKey: Guid(8c1724a74e2cf454383674f5d3556baf) Importer(815301076,1909f56bfc062723c751e8b465ee728b)
Start importing Assets/Prefab/SpawnObject.prefab using Guid(8c1724a74e2cf454383674f5d3556baf) Importer(815301076,1909f56bfc062723c751e8b465ee728b)  -> (artifact id: '07723f9690493880520989c4cd1be6e6') in 0.031106 seconds 
  Import took 0.036506 seconds .

========================================================================
Received Import Request.
  Time since last request: 6.774564 seconds.
  path: Assets/Prefab/SpawnObject.prefab
  artifactKey: Guid(8c1724a74e2cf454383674f5d3556baf) Importer(815301076,1909f56bfc062723c751e8b465ee728b)
Start importing Assets/Prefab/SpawnObject.prefab using Guid(8c1724a74e2cf454383674f5d3556baf) Importer(815301076,1909f56bfc062723c751e8b465ee728b)  -> (artifact id: '6fa051559ff1388936d98fe9a7216a5b') in 0.029574 seconds 
  Import took 0.036019 seconds .

========================================================================
Received Import Request.
  Time since last request: 7.022223 seconds.
  path: Assets/Prefab/SpawnObject.prefab
  artifactKey: Guid(8c1724a74e2cf454383674f5d3556baf) Importer(815301076,1909f56bfc062723c751e8b465ee728b)
Start importing Assets/Prefab/SpawnObject.prefab using Guid(8c1724a74e2cf454383674f5d3556baf) Importer(815301076,1909f56bfc062723c751e8b465ee728b)  -> (artifact id: '33d5650de44a6d808309e6cb70e0e021') in 0.026859 seconds 
  Import took 0.031629 seconds .

========================================================================
Received Import Request.
  Time since last request: 2.190741 seconds.
  path: Assets/Prefab/SpawnObject.prefab
  artifactKey: Guid(8c1724a74e2cf454383674f5d3556baf) Importer(815301076,1909f56bfc062723c751e8b465ee728b)
Start importing Assets/Prefab/SpawnObject.prefab using Guid(8c1724a74e2cf454383674f5d3556baf) Importer(815301076,1909f56bfc062723c751e8b465ee728b)  -> (artifact id: '27f3cd31dfaf2fc68a6e33e1d119d116') in 0.026514 seconds 
  Import took 0.031275 seconds .

========================================================================
Received Import Request.
  Time since last request: 5.350422 seconds.
  path: Assets/Prefab/SpawnObject.prefab
  artifactKey: Guid(8c1724a74e2cf454383674f5d3556baf) Importer(815301076,1909f56bfc062723c751e8b465ee728b)
Start importing Assets/Prefab/SpawnObject.prefab using Guid(8c1724a74e2cf454383674f5d3556baf) Importer(815301076,1909f56bfc062723c751e8b465ee728b)  -> (artifact id: 'be652ef967204809707fc3fd20e854ae') in 0.032819 seconds 
  Import took 0.038332 seconds .

========================================================================
Received Import Request.
  Time since last request: 8.232993 seconds.
  path: Assets/Prefab/SpawnObject.prefab
  artifactKey: Guid(8c1724a74e2cf454383674f5d3556baf) Importer(815301076,1909f56bfc062723c751e8b465ee728b)
Start importing Assets/Prefab/SpawnObject.prefab using Guid(8c1724a74e2cf454383674f5d3556baf) Importer(815301076,1909f56bfc062723c751e8b465ee728b)  -> (artifact id: 'a2e76ed5ef8e8559082b414a40807c65') in 0.029937 seconds 
  Import took 0.036044 seconds .

========================================================================
Received Import Request.
  Time since last request: 9.256146 seconds.
  path: Assets/Prefab/SpawnObject.prefab
  artifactKey: Guid(8c1724a74e2cf454383674f5d3556baf) Importer(815301076,1909f56bfc062723c751e8b465ee728b)
Start importing Assets/Prefab/SpawnObject.prefab using Guid(8c1724a74e2cf454383674f5d3556baf) Importer(815301076,1909f56bfc062723c751e8b465ee728b)  -> (artifact id: 'fd9ab59941e9c2022a24d97e6fc7f07f') in 0.029986 seconds 
  Import took 0.034600 seconds .

========================================================================
Received Import Request.
  Time since last request: 2.995278 seconds.
  path: Assets/Prefab/SpawnObject.prefab
  artifactKey: Guid(8c1724a74e2cf454383674f5d3556baf) Importer(815301076,1909f56bfc062723c751e8b465ee728b)
Start importing Assets/Prefab/SpawnObject.prefab using Guid(8c1724a74e2cf454383674f5d3556baf) Importer(815301076,1909f56bfc062723c751e8b465ee728b)  -> (artifact id: '8443c782c5b48705f032a548581e577c') in 0.034639 seconds 
  Import took 0.039501 seconds .

========================================================================
Received Import Request.
  Time since last request: 3.597986 seconds.
  path: Assets/Prefab/SpawnObject.prefab
  artifactKey: Guid(8c1724a74e2cf454383674f5d3556baf) Importer(815301076,1909f56bfc062723c751e8b465ee728b)
Start importing Assets/Prefab/SpawnObject.prefab using Guid(8c1724a74e2cf454383674f5d3556baf) Importer(815301076,1909f56bfc062723c751e8b465ee728b)  -> (artifact id: 'afd9f1082112fc62978e2c11894ea9de') in 0.028129 seconds 
  Import took 0.033039 seconds .

========================================================================
Received Import Request.
  Time since last request: 2.997951 seconds.
  path: Assets/Prefab/SpawnObject.prefab
  artifactKey: Guid(8c1724a74e2cf454383674f5d3556baf) Importer(815301076,1909f56bfc062723c751e8b465ee728b)
Start importing Assets/Prefab/SpawnObject.prefab using Guid(8c1724a74e2cf454383674f5d3556baf) Importer(815301076,1909f56bfc062723c751e8b465ee728b)  -> (artifact id: '95cff7bcf071ab31ec9539656a07ff52') in 0.020756 seconds 
  Import took 0.025585 seconds .

========================================================================
Received Import Request.
  Time since last request: 107.037932 seconds.
  path: Assets/Scripts/PlacementIndicator.cs
  artifactKey: Guid(b8b3376717e05274195e50fdcba70254) Importer(815301076,1909f56bfc062723c751e8b465ee728b)
Start importing Assets/Scripts/PlacementIndicator.cs using Guid(b8b3376717e05274195e50fdcba70254) Importer(815301076,1909f56bfc062723c751e8b465ee728b)  -> (artifact id: '31ab6e9914482817ad6adb98a8dea296') in 0.060440 seconds 
  Import took 0.067429 seconds .

========================================================================
Received Prepare
Registering precompiled user dll's ...
Registered in 0.015335 seconds.
Begin MonoManager ReloadAssembly
Native extension for WindowsStandalone target not found
Refreshing native plugins compatible for Editor in 0.81 ms, found 2 plugins.
Preloading 0 native plugins for Editor in 0.00 ms.
Mono: successfully reloaded assembly
- Completed reload, in  2.234 seconds
Domain Reload Profiling:
	ReloadAssembly (2236ms)
		BeginReloadAssembly (699ms)
			ExecutionOrderSort (0ms)
			DisableScriptedObjects (49ms)
			BackupInstance (0ms)
			ReleaseScriptingObjects (0ms)
			CreateAndSetChildDomain (391ms)
		EndReloadAssembly (1438ms)
			LoadAssemblies (171ms)
			RebuildTransferFunctionScriptingTraits (0ms)
			SetupTypeCache (466ms)
			ReleaseScriptCaches (2ms)
			RebuildScriptCaches (50ms)
			SetupLoadedEditorAssemblies (560ms)
				LogAssemblyErrors (0ms)
				InitializePlatformSupportModulesInManaged (6ms)
				SetLoadedEditorAssemblies (1ms)
				RefreshPlugins (1ms)
				BeforeProcessingInitializeOnLoad (112ms)
				ProcessInitializeOnLoadAttributes (423ms)
				ProcessInitializeOnLoadMethodAttributes (7ms)
				AfterProcessingInitializeOnLoad (10ms)
				EditorAssembliesLoaded (0ms)
			ExecutionOrderSort2 (0ms)
			AwakeInstancesAfterBackupRestoration (12ms)
Platform modules already initialized, skipping
Switching build target platform(19) subTarget(0) extendedPlatform(0) -> platform(13) subTarget(589824) extendedPlatform(0)
Refreshing native plugins compatible for Editor in 0.49 ms, found 2 plugins.
Preloading 0 native plugins for Editor in 0.00 ms.
Unloading 1775 Unused Serialized files (Serialized files now loaded: 0)
System memory in use before: 81.4 MB.
System memory in use after: 81.5 MB.

Unloading 15 unused Assets to reduce memory usage. Loaded Objects now: 2284.
Total: 5.328500 ms (FindLiveObjects: 0.220900 ms CreateObjectMapping: 0.043800 ms MarkObjects: 5.029000 ms  DeleteObjects: 0.032900 ms)

AssetImportParameters requested are different than current active one (requested -> active):
  custom:framework-win-MediaFoundation: 216162199b28c13a410421893ffa2e32 -> 
  custom:video-decoder-ogg-theora: a1e56fd34408186e4bbccfd4996cb3dc -> 
  custom:container-muxer-webm: aa71ff27fc2769a1b78a27578f13a17b -> 
  custom:container-demuxer-webm: 4f35f7cbe854078d1ac9338744f61a02 -> 
  custom:container-demuxer-ogg: 62fdf1f143b41e24485cea50d1cbac27 -> 
  custom:video-encoder-webm-vp8: eb34c28f22e8b96e1ab97ce403110664 -> 
  custom:video-decoder-webm-vp8: 9c59270c3fd7afecdb556c50c9e8de78 -> 
  custom:graphics/normal-map-encoding: 01000000000000000000000000000000 -> 02000000000000000000000000000000
  custom:audio-decoder-ogg-vorbis: bf7c407c2cedff20999df2af8eb42d56 -> 
  custom:audio-encoder-webm-vorbis: bf7c407c2cedff20999df2af8eb42d56 -> 
========================================================================
Received Import Request.
  Time since last request: 566.443013 seconds.
  path: Assets/Scripts/PlacementIndicator.cs
  artifactKey: Guid(b8b3376717e05274195e50fdcba70254) Importer(815301076,1909f56bfc062723c751e8b465ee728b)
Start importing Assets/Scripts/PlacementIndicator.cs using Guid(b8b3376717e05274195e50fdcba70254) Importer(815301076,1909f56bfc062723c751e8b465ee728b)  -> (artifact id: 'a5c6d6e5da8ada4ff1a97d93e6e139bd') in 0.035137 seconds 
  Import took 0.052500 seconds .

========================================================================
Received Import Request.
  Time since last request: 0.192159 seconds.
  path: Assets/Scripts/PlacementIndicator.cs
  artifactKey: Guid(b8b3376717e05274195e50fdcba70254) Importer(815301076,1909f56bfc062723c751e8b465ee728b)
Start importing Assets/Scripts/PlacementIndicator.cs using Guid(b8b3376717e05274195e50fdcba70254) Importer(815301076,1909f56bfc062723c751e8b465ee728b)  -> (artifact id: 'a5c6d6e5da8ada4ff1a97d93e6e139bd') in 0.004729 seconds 
  Import took 0.010501 seconds .

========================================================================
Received Prepare
Registering precompiled user dll's ...
Registered in 0.014739 seconds.
Begin MonoManager ReloadAssembly
Native extension for WindowsStandalone target not found
Refreshing native plugins compatible for Editor in 0.64 ms, found 2 plugins.
Preloading 0 native plugins for Editor in 0.00 ms.
Mono: successfully reloaded assembly
- Completed reload, in  1.614 seconds
Domain Reload Profiling:
	ReloadAssembly (1615ms)
		BeginReloadAssembly (167ms)
			ExecutionOrderSort (0ms)
			DisableScriptedObjects (6ms)
			BackupInstance (0ms)
			ReleaseScriptingObjects (0ms)
			CreateAndSetChildDomain (50ms)
		EndReloadAssembly (1344ms)
			LoadAssemblies (142ms)
			RebuildTransferFunctionScriptingTraits (0ms)
			SetupTypeCache (395ms)
			ReleaseScriptCaches (1ms)
			RebuildScriptCaches (48ms)
			SetupLoadedEditorAssemblies (578ms)
				LogAssemblyErrors (0ms)
				InitializePlatformSupportModulesInManaged (7ms)
				SetLoadedEditorAssemblies (1ms)
				RefreshPlugins (1ms)
				BeforeProcessingInitializeOnLoad (118ms)
				ProcessInitializeOnLoadAttributes (437ms)
				ProcessInitializeOnLoadMethodAttributes (6ms)
				AfterProcessingInitializeOnLoad (8ms)
				EditorAssembliesLoaded (0ms)
			ExecutionOrderSort2 (0ms)
			AwakeInstancesAfterBackupRestoration (11ms)
Platform modules already initialized, skipping
Switching build target platform(19) subTarget(0) extendedPlatform(0) -> platform(13) subTarget(589824) extendedPlatform(0)
Refreshing native plugins compatible for Editor in 0.45 ms, found 2 plugins.
Preloading 0 native plugins for Editor in 0.00 ms.
Unloading 1775 Unused Serialized files (Serialized files now loaded: 0)
System memory in use before: 81.4 MB.
System memory in use after: 81.5 MB.

Unloading 14 unused Assets to reduce memory usage. Loaded Objects now: 2287.
Total: 5.744900 ms (FindLiveObjects: 0.247600 ms CreateObjectMapping: 0.052600 ms MarkObjects: 5.414700 ms  DeleteObjects: 0.027100 ms)

AssetImportParameters requested are different than current active one (requested -> active):
  custom:framework-win-MediaFoundation: 216162199b28c13a410421893ffa2e32 -> 
  custom:video-decoder-ogg-theora: a1e56fd34408186e4bbccfd4996cb3dc -> 
  custom:container-muxer-webm: aa71ff27fc2769a1b78a27578f13a17b -> 
  custom:container-demuxer-webm: 4f35f7cbe854078d1ac9338744f61a02 -> 
  custom:container-demuxer-ogg: 62fdf1f143b41e24485cea50d1cbac27 -> 
  custom:video-encoder-webm-vp8: eb34c28f22e8b96e1ab97ce403110664 -> 
  custom:video-decoder-webm-vp8: 9c59270c3fd7afecdb556c50c9e8de78 -> 
  custom:graphics/normal-map-encoding: 01000000000000000000000000000000 -> 02000000000000000000000000000000
  custom:audio-decoder-ogg-vorbis: bf7c407c2cedff20999df2af8eb42d56 -> 
  custom:audio-encoder-webm-vorbis: bf7c407c2cedff20999df2af8eb42d56 -> 
========================================================================
Received Import Request.
  Time since last request: 11.079876 seconds.
  path: Assets/Scripts/PlacementIndicator.cs
  artifactKey: Guid(b8b3376717e05274195e50fdcba70254) Importer(815301076,1909f56bfc062723c751e8b465ee728b)
Start importing Assets/Scripts/PlacementIndicator.cs using Guid(b8b3376717e05274195e50fdcba70254) Importer(815301076,1909f56bfc062723c751e8b465ee728b)  -> (artifact id: '1e2f498aff929eaed854cc2fec78614f') in 0.008530 seconds 
  Import took 0.013285 seconds .

========================================================================
Received Prepare
Registering precompiled user dll's ...
Registered in 0.004777 seconds.
Begin MonoManager ReloadAssembly
Native extension for WindowsStandalone target not found
Refreshing native plugins compatible for Editor in 0.56 ms, found 2 plugins.
Preloading 0 native plugins for Editor in 0.00 ms.
Mono: successfully reloaded assembly
- Completed reload, in  1.617 seconds
Domain Reload Profiling:
	ReloadAssembly (1618ms)
		BeginReloadAssembly (159ms)
			ExecutionOrderSort (0ms)
			DisableScriptedObjects (10ms)
			BackupInstance (0ms)
			ReleaseScriptingObjects (0ms)
			CreateAndSetChildDomain (50ms)
		EndReloadAssembly (1355ms)
			LoadAssemblies (132ms)
			RebuildTransferFunctionScriptingTraits (0ms)
			SetupTypeCache (428ms)
			ReleaseScriptCaches (1ms)
			RebuildScriptCaches (56ms)
			SetupLoadedEditorAssemblies (553ms)
				LogAssemblyErrors (0ms)
				InitializePlatformSupportModulesInManaged (7ms)
				SetLoadedEditorAssemblies (1ms)
				RefreshPlugins (1ms)
				BeforeProcessingInitializeOnLoad (105ms)
				ProcessInitializeOnLoadAttributes (423ms)
				ProcessInitializeOnLoadMethodAttributes (6ms)
				AfterProcessingInitializeOnLoad (11ms)
				EditorAssembliesLoaded (0ms)
			ExecutionOrderSort2 (0ms)
			AwakeInstancesAfterBackupRestoration (11ms)
Platform modules already initialized, skipping
Switching build target platform(19) subTarget(0) extendedPlatform(0) -> platform(13) subTarget(589824) extendedPlatform(0)
Refreshing native plugins compatible for Editor in 0.84 ms, found 2 plugins.
Preloading 0 native plugins for Editor in 0.00 ms.
Unloading 1775 Unused Serialized files (Serialized files now loaded: 0)
System memory in use before: 81.4 MB.
System memory in use after: 81.5 MB.

Unloading 14 unused Assets to reduce memory usage. Loaded Objects now: 2290.
Total: 4.304200 ms (FindLiveObjects: 0.347200 ms CreateObjectMapping: 0.080600 ms MarkObjects: 3.848600 ms  DeleteObjects: 0.025600 ms)

AssetImportParameters requested are different than current active one (requested -> active):
  custom:framework-win-MediaFoundation: 216162199b28c13a410421893ffa2e32 -> 
  custom:video-decoder-ogg-theora: a1e56fd34408186e4bbccfd4996cb3dc -> 
  custom:container-muxer-webm: aa71ff27fc2769a1b78a27578f13a17b -> 
  custom:container-demuxer-webm: 4f35f7cbe854078d1ac9338744f61a02 -> 
  custom:container-demuxer-ogg: 62fdf1f143b41e24485cea50d1cbac27 -> 
  custom:video-encoder-webm-vp8: eb34c28f22e8b96e1ab97ce403110664 -> 
  custom:video-decoder-webm-vp8: 9c59270c3fd7afecdb556c50c9e8de78 -> 
  custom:graphics/normal-map-encoding: 01000000000000000000000000000000 -> 02000000000000000000000000000000
  custom:audio-decoder-ogg-vorbis: bf7c407c2cedff20999df2af8eb42d56 -> 
  custom:audio-encoder-webm-vorbis: bf7c407c2cedff20999df2af8eb42d56 -> 
========================================================================
Received Import Request.
  Time since last request: 91.385142 seconds.
  path: Assets/Scripts/PlacementIndicator.cs
  artifactKey: Guid(b8b3376717e05274195e50fdcba70254) Importer(815301076,1909f56bfc062723c751e8b465ee728b)
Start importing Assets/Scripts/PlacementIndicator.cs using Guid(b8b3376717e05274195e50fdcba70254) Importer(815301076,1909f56bfc062723c751e8b465ee728b)  -> (artifact id: 'ec5dffb6ab7599cbeb12c33657ba74d8') in 0.012728 seconds 
  Import took 0.020597 seconds .

========================================================================
Received Prepare
Registering precompiled user dll's ...
Registered in 0.005409 seconds.
Begin MonoManager ReloadAssembly
Native extension for WindowsStandalone target not found
Refreshing native plugins compatible for Editor in 0.55 ms, found 2 plugins.
Preloading 0 native plugins for Editor in 0.00 ms.
Mono: successfully reloaded assembly
- Completed reload, in  1.828 seconds
Domain Reload Profiling:
	ReloadAssembly (1829ms)
		BeginReloadAssembly (191ms)
			ExecutionOrderSort (0ms)
			DisableScriptedObjects (6ms)
			BackupInstance (0ms)
			ReleaseScriptingObjects (0ms)
			CreateAndSetChildDomain (57ms)
		EndReloadAssembly (1462ms)
			LoadAssemblies (203ms)
			RebuildTransferFunctionScriptingTraits (0ms)
			SetupTypeCache (451ms)
			ReleaseScriptCaches (2ms)
			RebuildScriptCaches (64ms)
			SetupLoadedEditorAssemblies (544ms)
				LogAssemblyErrors (0ms)
				InitializePlatformSupportModulesInManaged (7ms)
				SetLoadedEditorAssemblies (1ms)
				RefreshPlugins (1ms)
				BeforeProcessingInitializeOnLoad (129ms)
				ProcessInitializeOnLoadAttributes (393ms)
				ProcessInitializeOnLoadMethodAttributes (5ms)
				AfterProcessingInitializeOnLoad (9ms)
				EditorAssembliesLoaded (0ms)
			ExecutionOrderSort2 (0ms)
			AwakeInstancesAfterBackupRestoration (10ms)
Platform modules already initialized, skipping
Switching build target platform(19) subTarget(0) extendedPlatform(0) -> platform(13) subTarget(589824) extendedPlatform(0)
Refreshing native plugins compatible for Editor in 0.54 ms, found 2 plugins.
Preloading 0 native plugins for Editor in 0.00 ms.
Unloading 1775 Unused Serialized files (Serialized files now loaded: 0)
System memory in use before: 81.4 MB.
System memory in use after: 81.5 MB.

Unloading 14 unused Assets to reduce memory usage. Loaded Objects now: 2293.
Total: 4.512100 ms (FindLiveObjects: 0.276300 ms CreateObjectMapping: 0.063000 ms MarkObjects: 4.140900 ms  DeleteObjects: 0.029400 ms)

AssetImportParameters requested are different than current active one (requested -> active):
  custom:framework-win-MediaFoundation: 216162199b28c13a410421893ffa2e32 -> 
  custom:video-decoder-ogg-theora: a1e56fd34408186e4bbccfd4996cb3dc -> 
  custom:container-muxer-webm: aa71ff27fc2769a1b78a27578f13a17b -> 
  custom:container-demuxer-webm: 4f35f7cbe854078d1ac9338744f61a02 -> 
  custom:container-demuxer-ogg: 62fdf1f143b41e24485cea50d1cbac27 -> 
  custom:video-encoder-webm-vp8: eb34c28f22e8b96e1ab97ce403110664 -> 
  custom:video-decoder-webm-vp8: 9c59270c3fd7afecdb556c50c9e8de78 -> 
  custom:graphics/normal-map-encoding: 01000000000000000000000000000000 -> 02000000000000000000000000000000
  custom:audio-decoder-ogg-vorbis: bf7c407c2cedff20999df2af8eb42d56 -> 
  custom:audio-encoder-webm-vorbis: bf7c407c2cedff20999df2af8eb42d56 -> 
========================================================================
Received Import Request.
  Time since last request: 15.813003 seconds.
  path: Assets/Scripts/PlacementIndicator.cs
  artifactKey: Guid(b8b3376717e05274195e50fdcba70254) Importer(815301076,1909f56bfc062723c751e8b465ee728b)
Start importing Assets/Scripts/PlacementIndicator.cs using Guid(b8b3376717e05274195e50fdcba70254) Importer(815301076,1909f56bfc062723c751e8b465ee728b)  -> (artifact id: '17336de65a55bf79693ad6c6f8d11b65') in 0.011071 seconds 
  Import took 0.015884 seconds .

========================================================================
Received Prepare
Registering precompiled user dll's ...
Registered in 0.005098 seconds.
Begin MonoManager ReloadAssembly
Native extension for WindowsStandalone target not found
Refreshing native plugins compatible for Editor in 0.66 ms, found 2 plugins.
Preloading 0 native plugins for Editor in 0.00 ms.
Mono: successfully reloaded assembly
- Completed reload, in  1.772 seconds
Domain Reload Profiling:
	ReloadAssembly (1772ms)
		BeginReloadAssembly (218ms)
			ExecutionOrderSort (0ms)
			DisableScriptedObjects (6ms)
			BackupInstance (0ms)
			ReleaseScriptingObjects (0ms)
			CreateAndSetChildDomain (57ms)
		EndReloadAssembly (1436ms)
			LoadAssemblies (167ms)
			RebuildTransferFunctionScriptingTraits (0ms)
			SetupTypeCache (478ms)
			ReleaseScriptCaches (1ms)
			RebuildScriptCaches (59ms)
			SetupLoadedEditorAssemblies (535ms)
				LogAssemblyErrors (0ms)
				InitializePlatformSupportModulesInManaged (7ms)
				SetLoadedEditorAssemblies (1ms)
				RefreshPlugins (1ms)
				BeforeProcessingInitializeOnLoad (112ms)
				ProcessInitializeOnLoadAttributes (397ms)
				ProcessInitializeOnLoadMethodAttributes (8ms)
				AfterProcessingInitializeOnLoad (9ms)
				EditorAssembliesLoaded (0ms)
			ExecutionOrderSort2 (0ms)
			AwakeInstancesAfterBackupRestoration (10ms)
Platform modules already initialized, skipping
Switching build target platform(19) subTarget(0) extendedPlatform(0) -> platform(13) subTarget(589824) extendedPlatform(0)
Refreshing native plugins compatible for Editor in 1.08 ms, found 2 plugins.
Preloading 0 native plugins for Editor in 0.00 ms.
Unloading 1775 Unused Serialized files (Serialized files now loaded: 0)
System memory in use before: 81.4 MB.
System memory in use after: 81.5 MB.

Unloading 14 unused Assets to reduce memory usage. Loaded Objects now: 2296.
Total: 6.958200 ms (FindLiveObjects: 0.384400 ms CreateObjectMapping: 0.144600 ms MarkObjects: 6.395300 ms  DeleteObjects: 0.031900 ms)

AssetImportParameters requested are different than current active one (requested -> active):
  custom:framework-win-MediaFoundation: 216162199b28c13a410421893ffa2e32 -> 
  custom:video-decoder-ogg-theora: a1e56fd34408186e4bbccfd4996cb3dc -> 
  custom:container-muxer-webm: aa71ff27fc2769a1b78a27578f13a17b -> 
  custom:container-demuxer-webm: 4f35f7cbe854078d1ac9338744f61a02 -> 
  custom:container-demuxer-ogg: 62fdf1f143b41e24485cea50d1cbac27 -> 
  custom:video-encoder-webm-vp8: eb34c28f22e8b96e1ab97ce403110664 -> 
  custom:video-decoder-webm-vp8: 9c59270c3fd7afecdb556c50c9e8de78 -> 
  custom:graphics/normal-map-encoding: 01000000000000000000000000000000 -> 02000000000000000000000000000000
  custom:audio-decoder-ogg-vorbis: bf7c407c2cedff20999df2af8eb42d56 -> 
  custom:audio-encoder-webm-vorbis: bf7c407c2cedff20999df2af8eb42d56 -> 
========================================================================
Received Import Request.
  Time since last request: 12.617050 seconds.
  path: Assets/Scripts/PlacementIndicator.cs
  artifactKey: Guid(b8b3376717e05274195e50fdcba70254) Importer(815301076,1909f56bfc062723c751e8b465ee728b)
Start importing Assets/Scripts/PlacementIndicator.cs using Guid(b8b3376717e05274195e50fdcba70254) Importer(815301076,1909f56bfc062723c751e8b465ee728b)  -> (artifact id: '870e6226362d4eb0d4eb9c546f2ff2f9') in 0.010021 seconds 
  Import took 0.015976 seconds .

========================================================================
Received Prepare
Registering precompiled user dll's ...
Registered in 0.006569 seconds.
Begin MonoManager ReloadAssembly
Native extension for WindowsStandalone target not found
Refreshing native plugins compatible for Editor in 0.55 ms, found 2 plugins.
Preloading 0 native plugins for Editor in 0.00 ms.
Mono: successfully reloaded assembly
- Completed reload, in  1.790 seconds
Domain Reload Profiling:
	ReloadAssembly (1791ms)
		BeginReloadAssembly (200ms)
			ExecutionOrderSort (0ms)
			DisableScriptedObjects (8ms)
			BackupInstance (0ms)
			ReleaseScriptingObjects (0ms)
			CreateAndSetChildDomain (53ms)
		EndReloadAssembly (1451ms)
			LoadAssemblies (168ms)
			RebuildTransferFunctionScriptingTraits (0ms)
			SetupTypeCache (475ms)
			ReleaseScriptCaches (1ms)
			RebuildScriptCaches (57ms)
			SetupLoadedEditorAssemblies (553ms)
				LogAssemblyErrors (0ms)
				InitializePlatformSupportModulesInManaged (8ms)
				SetLoadedEditorAssemblies (1ms)
				RefreshPlugins (1ms)
				BeforeProcessingInitializeOnLoad (113ms)
				ProcessInitializeOnLoadAttributes (416ms)
				ProcessInitializeOnLoadMethodAttributes (7ms)
				AfterProcessingInitializeOnLoad (9ms)
				EditorAssembliesLoaded (0ms)
			ExecutionOrderSort2 (0ms)
			AwakeInstancesAfterBackupRestoration (13ms)
Platform modules already initialized, skipping
Switching build target platform(19) subTarget(0) extendedPlatform(0) -> platform(13) subTarget(589824) extendedPlatform(0)
Refreshing native plugins compatible for Editor in 0.46 ms, found 2 plugins.
Preloading 0 native plugins for Editor in 0.00 ms.
Unloading 1775 Unused Serialized files (Serialized files now loaded: 0)
System memory in use before: 81.4 MB.
System memory in use after: 81.5 MB.

Unloading 14 unused Assets to reduce memory usage. Loaded Objects now: 2299.
Total: 4.043300 ms (FindLiveObjects: 0.246700 ms CreateObjectMapping: 0.053800 ms MarkObjects: 3.717300 ms  DeleteObjects: 0.023300 ms)

AssetImportParameters requested are different than current active one (requested -> active):
  custom:framework-win-MediaFoundation: 216162199b28c13a410421893ffa2e32 -> 
  custom:video-decoder-ogg-theora: a1e56fd34408186e4bbccfd4996cb3dc -> 
  custom:container-muxer-webm: aa71ff27fc2769a1b78a27578f13a17b -> 
  custom:container-demuxer-webm: 4f35f7cbe854078d1ac9338744f61a02 -> 
  custom:container-demuxer-ogg: 62fdf1f143b41e24485cea50d1cbac27 -> 
  custom:video-encoder-webm-vp8: eb34c28f22e8b96e1ab97ce403110664 -> 
  custom:video-decoder-webm-vp8: 9c59270c3fd7afecdb556c50c9e8de78 -> 
  custom:graphics/normal-map-encoding: 01000000000000000000000000000000 -> 02000000000000000000000000000000
  custom:audio-decoder-ogg-vorbis: bf7c407c2cedff20999df2af8eb42d56 -> 
  custom:audio-encoder-webm-vorbis: bf7c407c2cedff20999df2af8eb42d56 -> 
========================================================================
Received Import Request.
  Time since last request: 21.885892 seconds.
  path: Assets/Scripts/PlacementIndicator.cs
  artifactKey: Guid(b8b3376717e05274195e50fdcba70254) Importer(815301076,1909f56bfc062723c751e8b465ee728b)
Start importing Assets/Scripts/PlacementIndicator.cs using Guid(b8b3376717e05274195e50fdcba70254) Importer(815301076,1909f56bfc062723c751e8b465ee728b)  -> (artifact id: 'cc843c354ad024da02b7c47b8b6d161f') in 0.010046 seconds 
  Import took 0.015426 seconds .

========================================================================
Received Prepare
Registering precompiled user dll's ...
Registered in 0.005623 seconds.
Begin MonoManager ReloadAssembly
Native extension for WindowsStandalone target not found
Refreshing native plugins compatible for Editor in 0.65 ms, found 2 plugins.
Preloading 0 native plugins for Editor in 0.00 ms.
Mono: successfully reloaded assembly
- Completed reload, in  1.682 seconds
Domain Reload Profiling:
	ReloadAssembly (1682ms)
		BeginReloadAssembly (237ms)
			ExecutionOrderSort (0ms)
			DisableScriptedObjects (5ms)
			BackupInstance (0ms)
			ReleaseScriptingObjects (0ms)
			CreateAndSetChildDomain (84ms)
		EndReloadAssembly (1333ms)
			LoadAssemblies (167ms)
			RebuildTransferFunctionScriptingTraits (0ms)
			SetupTypeCache (397ms)
			ReleaseScriptCaches (1ms)
			RebuildScriptCaches (61ms)
			SetupLoadedEditorAssemblies (531ms)
				LogAssemblyErrors (0ms)
				InitializePlatformSupportModulesInManaged (6ms)
				SetLoadedEditorAssemblies (1ms)
				RefreshPlugins (1ms)
				BeforeProcessingInitializeOnLoad (118ms)
				ProcessInitializeOnLoadAttributes (393ms)
				ProcessInitializeOnLoadMethodAttributes (5ms)
				AfterProcessingInitializeOnLoad (8ms)
				EditorAssembliesLoaded (0ms)
			ExecutionOrderSort2 (0ms)
			AwakeInstancesAfterBackupRestoration (9ms)
Platform modules already initialized, skipping
Switching build target platform(19) subTarget(0) extendedPlatform(0) -> platform(13) subTarget(589824) extendedPlatform(0)
Refreshing native plugins compatible for Editor in 0.64 ms, found 2 plugins.
Preloading 0 native plugins for Editor in 0.00 ms.
Unloading 1775 Unused Serialized files (Serialized files now loaded: 0)
System memory in use before: 81.4 MB.
System memory in use after: 81.6 MB.

Unloading 14 unused Assets to reduce memory usage. Loaded Objects now: 2302.
Total: 4.757400 ms (FindLiveObjects: 0.263900 ms CreateObjectMapping: 0.066400 ms MarkObjects: 4.398000 ms  DeleteObjects: 0.027400 ms)

AssetImportParameters requested are different than current active one (requested -> active):
  custom:framework-win-MediaFoundation: 216162199b28c13a410421893ffa2e32 -> 
  custom:video-decoder-ogg-theora: a1e56fd34408186e4bbccfd4996cb3dc -> 
  custom:container-muxer-webm: aa71ff27fc2769a1b78a27578f13a17b -> 
  custom:container-demuxer-webm: 4f35f7cbe854078d1ac9338744f61a02 -> 
  custom:container-demuxer-ogg: 62fdf1f143b41e24485cea50d1cbac27 -> 
  custom:video-encoder-webm-vp8: eb34c28f22e8b96e1ab97ce403110664 -> 
  custom:video-decoder-webm-vp8: 9c59270c3fd7afecdb556c50c9e8de78 -> 
  custom:graphics/normal-map-encoding: 01000000000000000000000000000000 -> 02000000000000000000000000000000
  custom:audio-decoder-ogg-vorbis: bf7c407c2cedff20999df2af8eb42d56 -> 
  custom:audio-encoder-webm-vorbis: bf7c407c2cedff20999df2af8eb42d56 -> 
========================================================================
Received Import Request.
  Time since last request: 10.372523 seconds.
  path: Assets/Scripts/PlacementIndicator.cs
  artifactKey: Guid(b8b3376717e05274195e50fdcba70254) Importer(815301076,1909f56bfc062723c751e8b465ee728b)
Start importing Assets/Scripts/PlacementIndicator.cs using Guid(b8b3376717e05274195e50fdcba70254) Importer(815301076,1909f56bfc062723c751e8b465ee728b)  -> (artifact id: '6fe77a0912e17acfc698621ca3e64ff9') in 0.008399 seconds 
  Import took 0.012959 seconds .

========================================================================
Received Prepare
Registering precompiled user dll's ...
Registered in 0.005915 seconds.
Begin MonoManager ReloadAssembly
Native extension for WindowsStandalone target not found
Refreshing native plugins compatible for Editor in 1.83 ms, found 2 plugins.
Preloading 0 native plugins for Editor in 0.00 ms.
Mono: successfully reloaded assembly
- Completed reload, in  1.892 seconds
Domain Reload Profiling:
	ReloadAssembly (1893ms)
		BeginReloadAssembly (191ms)
			ExecutionOrderSort (0ms)
			DisableScriptedObjects (9ms)
			BackupInstance (0ms)
			ReleaseScriptingObjects (0ms)
			CreateAndSetChildDomain (54ms)
		EndReloadAssembly (1546ms)
			LoadAssemblies (190ms)
			RebuildTransferFunctionScriptingTraits (0ms)
			SetupTypeCache (475ms)
			ReleaseScriptCaches (1ms)
			RebuildScriptCaches (62ms)
			SetupLoadedEditorAssemblies (583ms)
				LogAssemblyErrors (0ms)
				InitializePlatformSupportModulesInManaged (7ms)
				SetLoadedEditorAssemblies (1ms)
				RefreshPlugins (2ms)
				BeforeProcessingInitializeOnLoad (124ms)
				ProcessInitializeOnLoadAttributes (433ms)
				ProcessInitializeOnLoadMethodAttributes (6ms)
				AfterProcessingInitializeOnLoad (10ms)
				EditorAssembliesLoaded (0ms)
			ExecutionOrderSort2 (0ms)
			AwakeInstancesAfterBackupRestoration (11ms)
Platform modules already initialized, skipping
Switching build target platform(19) subTarget(0) extendedPlatform(0) -> platform(13) subTarget(589824) extendedPlatform(0)
Refreshing native plugins compatible for Editor in 0.49 ms, found 2 plugins.
Preloading 0 native plugins for Editor in 0.00 ms.
Unloading 1775 Unused Serialized files (Serialized files now loaded: 0)
System memory in use before: 81.4 MB.
System memory in use after: 81.6 MB.

Unloading 14 unused Assets to reduce memory usage. Loaded Objects now: 2305.
Total: 4.153900 ms (FindLiveObjects: 0.259300 ms CreateObjectMapping: 0.059600 ms MarkObjects: 3.808700 ms  DeleteObjects: 0.024300 ms)

AssetImportParameters requested are different than current active one (requested -> active):
  custom:framework-win-MediaFoundation: 216162199b28c13a410421893ffa2e32 -> 
  custom:video-decoder-ogg-theora: a1e56fd34408186e4bbccfd4996cb3dc -> 
  custom:container-muxer-webm: aa71ff27fc2769a1b78a27578f13a17b -> 
  custom:container-demuxer-webm: 4f35f7cbe854078d1ac9338744f61a02 -> 
  custom:container-demuxer-ogg: 62fdf1f143b41e24485cea50d1cbac27 -> 
  custom:video-encoder-webm-vp8: eb34c28f22e8b96e1ab97ce403110664 -> 
  custom:video-decoder-webm-vp8: 9c59270c3fd7afecdb556c50c9e8de78 -> 
  custom:graphics/normal-map-encoding: 01000000000000000000000000000000 -> 02000000000000000000000000000000
  custom:audio-decoder-ogg-vorbis: bf7c407c2cedff20999df2af8eb42d56 -> 
  custom:audio-encoder-webm-vorbis: bf7c407c2cedff20999df2af8eb42d56 -> 
========================================================================
Received Import Request.
  Time since last request: 63.059577 seconds.
  path: Assets/Scripts/PlacementIndicator.cs
  artifactKey: Guid(b8b3376717e05274195e50fdcba70254) Importer(815301076,1909f56bfc062723c751e8b465ee728b)
Start importing Assets/Scripts/PlacementIndicator.cs using Guid(b8b3376717e05274195e50fdcba70254) Importer(815301076,1909f56bfc062723c751e8b465ee728b)  -> (artifact id: 'a8213b8e791de17c07e26bcf5eece91f') in 0.009274 seconds 
  Import took 0.013969 seconds .

========================================================================
Received Prepare
Registering precompiled user dll's ...
Registered in 0.006751 seconds.
Begin MonoManager ReloadAssembly
Native extension for WindowsStandalone target not found
Refreshing native plugins compatible for Editor in 0.48 ms, found 2 plugins.
Preloading 0 native plugins for Editor in 0.00 ms.
Mono: successfully reloaded assembly
- Completed reload, in  1.684 seconds
Domain Reload Profiling:
	ReloadAssembly (1684ms)
		BeginReloadAssembly (192ms)
			ExecutionOrderSort (0ms)
			DisableScriptedObjects (6ms)
			BackupInstance (0ms)
			ReleaseScriptingObjects (0ms)
			CreateAndSetChildDomain (53ms)
		EndReloadAssembly (1364ms)
			LoadAssemblies (174ms)
			RebuildTransferFunctionScriptingTraits (0ms)
			SetupTypeCache (415ms)
			ReleaseScriptCaches (1ms)
			RebuildScriptCaches (54ms)
			SetupLoadedEditorAssemblies (516ms)
				LogAssemblyErrors (0ms)
				InitializePlatformSupportModulesInManaged (7ms)
				SetLoadedEditorAssemblies (1ms)
				RefreshPlugins (1ms)
				BeforeProcessingInitializeOnLoad (104ms)
				ProcessInitializeOnLoadAttributes (391ms)
				ProcessInitializeOnLoadMethodAttributes (5ms)
				AfterProcessingInitializeOnLoad (8ms)
				EditorAssembliesLoaded (0ms)
			ExecutionOrderSort2 (0ms)
			AwakeInstancesAfterBackupRestoration (9ms)
Platform modules already initialized, skipping
Switching build target platform(19) subTarget(0) extendedPlatform(0) -> platform(13) subTarget(589824) extendedPlatform(0)
Refreshing native plugins compatible for Editor in 0.51 ms, found 2 plugins.
Preloading 0 native plugins for Editor in 0.00 ms.
Unloading 1775 Unused Serialized files (Serialized files now loaded: 0)
System memory in use before: 81.5 MB.
System memory in use after: 81.6 MB.

Unloading 14 unused Assets to reduce memory usage. Loaded Objects now: 2308.
Total: 4.142400 ms (FindLiveObjects: 0.246400 ms CreateObjectMapping: 0.063100 ms MarkObjects: 3.804200 ms  DeleteObjects: 0.026600 ms)

AssetImportParameters requested are different than current active one (requested -> active):
  custom:framework-win-MediaFoundation: 216162199b28c13a410421893ffa2e32 -> 
  custom:video-decoder-ogg-theora: a1e56fd34408186e4bbccfd4996cb3dc -> 
  custom:container-muxer-webm: aa71ff27fc2769a1b78a27578f13a17b -> 
  custom:container-demuxer-webm: 4f35f7cbe854078d1ac9338744f61a02 -> 
  custom:container-demuxer-ogg: 62fdf1f143b41e24485cea50d1cbac27 -> 
  custom:video-encoder-webm-vp8: eb34c28f22e8b96e1ab97ce403110664 -> 
  custom:video-decoder-webm-vp8: 9c59270c3fd7afecdb556c50c9e8de78 -> 
  custom:graphics/normal-map-encoding: 01000000000000000000000000000000 -> 02000000000000000000000000000000
  custom:audio-decoder-ogg-vorbis: bf7c407c2cedff20999df2af8eb42d56 -> 
  custom:audio-encoder-webm-vorbis: bf7c407c2cedff20999df2af8eb42d56 -> 
========================================================================
Received Import Request.
  Time since last request: 104.708534 seconds.
  path: Assets/Scripts/PlacementIndicator.cs
  artifactKey: Guid(b8b3376717e05274195e50fdcba70254) Importer(815301076,1909f56bfc062723c751e8b465ee728b)
Start importing Assets/Scripts/PlacementIndicator.cs using Guid(b8b3376717e05274195e50fdcba70254) Importer(815301076,1909f56bfc062723c751e8b465ee728b)  -> (artifact id: 'c633392a2648ca2350ae9e34a850cb6e') in 0.009425 seconds 
  Import took 0.014998 seconds .

========================================================================
Received Prepare
Registering precompiled user dll's ...
Registered in 0.007437 seconds.
Begin MonoManager ReloadAssembly
Native extension for WindowsStandalone target not found
Refreshing native plugins compatible for Editor in 0.63 ms, found 2 plugins.
Preloading 0 native plugins for Editor in 0.00 ms.
Mono: successfully reloaded assembly
- Completed reload, in  1.809 seconds
Domain Reload Profiling:
	ReloadAssembly (1810ms)
		BeginReloadAssembly (225ms)
			ExecutionOrderSort (0ms)
			DisableScriptedObjects (6ms)
			BackupInstance (0ms)
			ReleaseScriptingObjects (0ms)
			CreateAndSetChildDomain (78ms)
		EndReloadAssembly (1452ms)
			LoadAssemblies (174ms)
			RebuildTransferFunctionScriptingTraits (0ms)
			SetupTypeCache (435ms)
			ReleaseScriptCaches (2ms)
			RebuildScriptCaches (62ms)
			SetupLoadedEditorAssemblies (549ms)
				LogAssemblyErrors (0ms)
				InitializePlatformSupportModulesInManaged (6ms)
				SetLoadedEditorAssemblies (1ms)
				RefreshPlugins (1ms)
				BeforeProcessingInitializeOnLoad (107ms)
				ProcessInitializeOnLoadAttributes (419ms)
				ProcessInitializeOnLoadMethodAttributes (6ms)
				AfterProcessingInitializeOnLoad (8ms)
				EditorAssembliesLoaded (0ms)
			ExecutionOrderSort2 (0ms)
			AwakeInstancesAfterBackupRestoration (8ms)
Platform modules already initialized, skipping
Switching build target platform(19) subTarget(0) extendedPlatform(0) -> platform(13) subTarget(589824) extendedPlatform(0)
Refreshing native plugins compatible for Editor in 0.65 ms, found 2 plugins.
Preloading 0 native plugins for Editor in 0.00 ms.
Unloading 1775 Unused Serialized files (Serialized files now loaded: 0)
System memory in use before: 81.5 MB.
System memory in use after: 81.6 MB.

Unloading 14 unused Assets to reduce memory usage. Loaded Objects now: 2311.
Total: 5.036000 ms (FindLiveObjects: 0.270300 ms CreateObjectMapping: 0.053000 ms MarkObjects: 4.684400 ms  DeleteObjects: 0.026300 ms)

AssetImportParameters requested are different than current active one (requested -> active):
  custom:framework-win-MediaFoundation: 216162199b28c13a410421893ffa2e32 -> 
  custom:video-decoder-ogg-theora: a1e56fd34408186e4bbccfd4996cb3dc -> 
  custom:container-muxer-webm: aa71ff27fc2769a1b78a27578f13a17b -> 
  custom:container-demuxer-webm: 4f35f7cbe854078d1ac9338744f61a02 -> 
  custom:container-demuxer-ogg: 62fdf1f143b41e24485cea50d1cbac27 -> 
  custom:video-encoder-webm-vp8: eb34c28f22e8b96e1ab97ce403110664 -> 
  custom:video-decoder-webm-vp8: 9c59270c3fd7afecdb556c50c9e8de78 -> 
  custom:graphics/normal-map-encoding: 01000000000000000000000000000000 -> 02000000000000000000000000000000
  custom:audio-decoder-ogg-vorbis: bf7c407c2cedff20999df2af8eb42d56 -> 
  custom:audio-encoder-webm-vorbis: bf7c407c2cedff20999df2af8eb42d56 -> 
========================================================================
Received Import Request.
  Time since last request: 257.283806 seconds.
  path: Assets/Img
  artifactKey: Guid(093ed57a5076ab44e87e812f20b98790) Importer(815301076,1909f56bfc062723c751e8b465ee728b)
Start importing Assets/Img using Guid(093ed57a5076ab44e87e812f20b98790) Importer(815301076,1909f56bfc062723c751e8b465ee728b)  -> (artifact id: 'bd2e307d012d6f3a262d4f1ff0538361') in 0.020966 seconds 
  Import took 0.026695 seconds .

========================================================================
Received Import Request.
  Time since last request: 7.066861 seconds.
  path: Assets/Img/ar_hand_prompt.png
  artifactKey: Guid(1be890063d905364f803ad69936f96f0) Importer(815301076,1909f56bfc062723c751e8b465ee728b)
Start importing Assets/Img/ar_hand_prompt.png using Guid(1be890063d905364f803ad69936f96f0) Importer(815301076,1909f56bfc062723c751e8b465ee728b)  -> (artifact id: 'acdb6a64ed26491af228724dea727282') in 0.189756 seconds 
  Import took 0.194696 seconds .

========================================================================
Received Import Request.
  Time since last request: 8.625386 seconds.
  path: Assets/Img/ar_hand_prompt.png
  artifactKey: Guid(1be890063d905364f803ad69936f96f0) Importer(815301076,1909f56bfc062723c751e8b465ee728b)
Start importing Assets/Img/ar_hand_prompt.png using Guid(1be890063d905364f803ad69936f96f0) Importer(815301076,1909f56bfc062723c751e8b465ee728b)  -> (artifact id: '9149714a01574fb3a54c1fe034365891') in 0.053755 seconds 
  Import took 0.058515 seconds .

========================================================================
Received Import Request.
  Time since last request: 0.000763 seconds.
  path: Assets/Img/ar_hand_prompt.png
  artifactKey: Guid(1be890063d905364f803ad69936f96f0) Importer(815301076,1909f56bfc062723c751e8b465ee728b)
Start importing Assets/Img/ar_hand_prompt.png using Guid(1be890063d905364f803ad69936f96f0) Importer(815301076,1909f56bfc062723c751e8b465ee728b)  -> (artifact id: '9149714a01574fb3a54c1fe034365891') in 0.016021 seconds 
  Import took 0.019360 seconds .

========================================================================
Received Prepare
Registering precompiled user dll's ...
Registered in 0.017218 seconds.
Begin MonoManager ReloadAssembly
Native extension for WindowsStandalone target not found
Refreshing native plugins compatible for Editor in 0.54 ms, found 2 plugins.
Preloading 0 native plugins for Editor in 0.00 ms.
Mono: successfully reloaded assembly
- Completed reload, in  2.312 seconds
Domain Reload Profiling:
	ReloadAssembly (2313ms)
		BeginReloadAssembly (175ms)
			ExecutionOrderSort (0ms)
			DisableScriptedObjects (8ms)
			BackupInstance (0ms)
			ReleaseScriptingObjects (0ms)
			CreateAndSetChildDomain (48ms)
		EndReloadAssembly (2031ms)
			LoadAssemblies (163ms)
			RebuildTransferFunctionScriptingTraits (0ms)
			SetupTypeCache (421ms)
			ReleaseScriptCaches (1ms)
			RebuildScriptCaches (72ms)
			SetupLoadedEditorAssemblies (548ms)
				LogAssemblyErrors (0ms)
				InitializePlatformSupportModulesInManaged (9ms)
				SetLoadedEditorAssemblies (1ms)
				RefreshPlugins (1ms)
				BeforeProcessingInitializeOnLoad (116ms)
				ProcessInitializeOnLoadAttributes (406ms)
				ProcessInitializeOnLoadMethodAttributes (6ms)
				AfterProcessingInitializeOnLoad (9ms)
				EditorAssembliesLoaded (0ms)
			ExecutionOrderSort2 (0ms)
			AwakeInstancesAfterBackupRestoration (10ms)
Platform modules already initialized, skipping
Switching build target platform(19) subTarget(0) extendedPlatform(0) -> platform(13) subTarget(589824) extendedPlatform(0)
Refreshing native plugins compatible for Editor in 0.45 ms, found 2 plugins.
Preloading 0 native plugins for Editor in 0.00 ms.
Unloading 1775 Unused Serialized files (Serialized files now loaded: 0)
System memory in use before: 81.5 MB.
System memory in use after: 81.6 MB.

Unloading 15 unused Assets to reduce memory usage. Loaded Objects now: 2318.
Total: 3.685400 ms (FindLiveObjects: 0.226700 ms CreateObjectMapping: 0.045700 ms MarkObjects: 3.360400 ms  DeleteObjects: 0.050500 ms)

AssetImportParameters requested are different than current active one (requested -> active):
  custom:framework-win-MediaFoundation: 216162199b28c13a410421893ffa2e32 -> 
  custom:video-decoder-ogg-theora: a1e56fd34408186e4bbccfd4996cb3dc -> 
  custom:container-muxer-webm: aa71ff27fc2769a1b78a27578f13a17b -> 
  custom:container-demuxer-webm: 4f35f7cbe854078d1ac9338744f61a02 -> 
  custom:container-demuxer-ogg: 62fdf1f143b41e24485cea50d1cbac27 -> 
  custom:video-encoder-webm-vp8: eb34c28f22e8b96e1ab97ce403110664 -> 
  custom:video-decoder-webm-vp8: 9c59270c3fd7afecdb556c50c9e8de78 -> 
  custom:graphics/normal-map-encoding: 01000000000000000000000000000000 -> 02000000000000000000000000000000
  custom:audio-decoder-ogg-vorbis: bf7c407c2cedff20999df2af8eb42d56 -> 
  custom:audio-encoder-webm-vorbis: bf7c407c2cedff20999df2af8eb42d56 -> 
========================================================================
Received Prepare
Refreshing native plugins compatible for Editor in 12.57 ms, found 2 plugins.
Preloading 0 native plugins for Editor in 0.00 ms.
Unloading 12 Unused Serialized files (Serialized files now loaded: 0)
System memory in use before: 46.8 MB.
System memory in use after: 46.9 MB.

Unloading 11 unused Assets to reduce memory usage. Loaded Objects now: 2319.
Total: 5.754600 ms (FindLiveObjects: 0.478900 ms CreateObjectMapping: 0.046500 ms MarkObjects: 5.149200 ms  DeleteObjects: 0.076400 ms)

AssetImportParameters requested are different than current active one (requested -> active):
  custom:framework-win-MediaFoundation: 216162199b28c13a410421893ffa2e32 -> 
  custom:video-decoder-ogg-theora: a1e56fd34408186e4bbccfd4996cb3dc -> 
  custom:container-muxer-webm: aa71ff27fc2769a1b78a27578f13a17b -> 
  custom:container-demuxer-webm: 4f35f7cbe854078d1ac9338744f61a02 -> 
  custom:container-demuxer-ogg: 62fdf1f143b41e24485cea50d1cbac27 -> 
  custom:video-encoder-webm-vp8: eb34c28f22e8b96e1ab97ce403110664 -> 
  custom:video-decoder-webm-vp8: 9c59270c3fd7afecdb556c50c9e8de78 -> 
  custom:audio-decoder-ogg-vorbis: bf7c407c2cedff20999df2af8eb42d56 -> 
  custom:audio-encoder-webm-vorbis: bf7c407c2cedff20999df2af8eb42d56 -> 
========================================================================
Received Prepare
Registering precompiled user dll's ...
Registered in 0.021987 seconds.
Begin MonoManager ReloadAssembly
Native extension for WindowsStandalone target not found
Refreshing native plugins compatible for Editor in 0.57 ms, found 2 plugins.
Preloading 0 native plugins for Editor in 0.00 ms.
Mono: successfully reloaded assembly
- Completed reload, in  2.375 seconds
Domain Reload Profiling:
	ReloadAssembly (2390ms)
		BeginReloadAssembly (784ms)
			ExecutionOrderSort (0ms)
			DisableScriptedObjects (101ms)
			BackupInstance (0ms)
			ReleaseScriptingObjects (3ms)
			CreateAndSetChildDomain (443ms)
		EndReloadAssembly (1474ms)
			LoadAssemblies (191ms)
			RebuildTransferFunctionScriptingTraits (0ms)
			SetupTypeCache (423ms)
			ReleaseScriptCaches (1ms)
			RebuildScriptCaches (49ms)
			SetupLoadedEditorAssemblies (541ms)
				LogAssemblyErrors (0ms)
				InitializePlatformSupportModulesInManaged (12ms)
				SetLoadedEditorAssemblies (2ms)
				RefreshPlugins (1ms)
				BeforeProcessingInitializeOnLoad (115ms)
				ProcessInitializeOnLoadAttributes (399ms)
				ProcessInitializeOnLoadMethodAttributes (6ms)
				AfterProcessingInitializeOnLoad (7ms)
				EditorAssembliesLoaded (0ms)
			ExecutionOrderSort2 (0ms)
			AwakeInstancesAfterBackupRestoration (11ms)
Platform modules already initialized, skipping
Switching build target platform(19) subTarget(0) extendedPlatform(0) -> platform(13) subTarget(589824) extendedPlatform(0)
Refreshing native plugins compatible for Editor in 0.46 ms, found 2 plugins.
Preloading 0 native plugins for Editor in 0.00 ms.
Unloading 1775 Unused Serialized files (Serialized files now loaded: 0)
System memory in use before: 81.5 MB.
System memory in use after: 81.6 MB.

Unloading 14 unused Assets to reduce memory usage. Loaded Objects now: 2322.
Total: 4.401200 ms (FindLiveObjects: 0.290900 ms CreateObjectMapping: 0.057500 ms MarkObjects: 4.024500 ms  DeleteObjects: 0.026200 ms)

AssetImportParameters requested are different than current active one (requested -> active):
  custom:framework-win-MediaFoundation: 216162199b28c13a410421893ffa2e32 -> 
  custom:video-decoder-ogg-theora: a1e56fd34408186e4bbccfd4996cb3dc -> 
  custom:container-muxer-webm: aa71ff27fc2769a1b78a27578f13a17b -> 
  custom:container-demuxer-webm: 4f35f7cbe854078d1ac9338744f61a02 -> 
  custom:container-demuxer-ogg: 62fdf1f143b41e24485cea50d1cbac27 -> 
  custom:video-encoder-webm-vp8: eb34c28f22e8b96e1ab97ce403110664 -> 
  custom:video-decoder-webm-vp8: 9c59270c3fd7afecdb556c50c9e8de78 -> 
  custom:graphics/normal-map-encoding: 01000000000000000000000000000000 -> 02000000000000000000000000000000
  custom:audio-decoder-ogg-vorbis: bf7c407c2cedff20999df2af8eb42d56 -> 
  custom:audio-encoder-webm-vorbis: bf7c407c2cedff20999df2af8eb42d56 -> 
========================================================================
Received Prepare
Registering precompiled user dll's ...
Registered in 0.012896 seconds.
Begin MonoManager ReloadAssembly
Native extension for WindowsStandalone target not found
Refreshing native plugins compatible for Editor in 0.46 ms, found 2 plugins.
Preloading 0 native plugins for Editor in 0.00 ms.
Mono: successfully reloaded assembly
- Completed reload, in  1.522 seconds
Domain Reload Profiling:
	ReloadAssembly (1523ms)
		BeginReloadAssembly (139ms)
			ExecutionOrderSort (0ms)
			DisableScriptedObjects (8ms)
			BackupInstance (0ms)
			ReleaseScriptingObjects (0ms)
			CreateAndSetChildDomain (44ms)
		EndReloadAssembly (1273ms)
			LoadAssemblies (115ms)
			RebuildTransferFunctionScriptingTraits (0ms)
			SetupTypeCache (344ms)
			ReleaseScriptCaches (1ms)
			RebuildScriptCaches (51ms)
			SetupLoadedEditorAssemblies (491ms)
				LogAssemblyErrors (0ms)
				InitializePlatformSupportModulesInManaged (5ms)
				SetLoadedEditorAssemblies (1ms)
				RefreshPlugins (1ms)
				BeforeProcessingInitializeOnLoad (98ms)
				ProcessInitializeOnLoadAttributes (373ms)
				ProcessInitializeOnLoadMethodAttributes (6ms)
				AfterProcessingInitializeOnLoad (7ms)
				EditorAssembliesLoaded (0ms)
			ExecutionOrderSort2 (0ms)
			AwakeInstancesAfterBackupRestoration (10ms)
Platform modules already initialized, skipping
Switching build target platform(19) subTarget(0) extendedPlatform(0) -> platform(13) subTarget(589824) extendedPlatform(0)
Refreshing native plugins compatible for Editor in 0.49 ms, found 2 plugins.
Preloading 0 native plugins for Editor in 0.00 ms.
Unloading 1775 Unused Serialized files (Serialized files now loaded: 0)
System memory in use before: 81.5 MB.
System memory in use after: 81.6 MB.

Unloading 14 unused Assets to reduce memory usage. Loaded Objects now: 2325.
Total: 3.330000 ms (FindLiveObjects: 0.245300 ms CreateObjectMapping: 0.064900 ms MarkObjects: 2.995800 ms  DeleteObjects: 0.022500 ms)

AssetImportParameters requested are different than current active one (requested -> active):
  custom:framework-win-MediaFoundation: 216162199b28c13a410421893ffa2e32 -> 
  custom:video-decoder-ogg-theora: a1e56fd34408186e4bbccfd4996cb3dc -> 
  custom:container-muxer-webm: aa71ff27fc2769a1b78a27578f13a17b -> 
  custom:container-demuxer-webm: 4f35f7cbe854078d1ac9338744f61a02 -> 
  custom:container-demuxer-ogg: 62fdf1f143b41e24485cea50d1cbac27 -> 
  custom:video-encoder-webm-vp8: eb34c28f22e8b96e1ab97ce403110664 -> 
  custom:video-decoder-webm-vp8: 9c59270c3fd7afecdb556c50c9e8de78 -> 
  custom:graphics/normal-map-encoding: 01000000000000000000000000000000 -> 02000000000000000000000000000000
  custom:audio-decoder-ogg-vorbis: bf7c407c2cedff20999df2af8eb42d56 -> 
  custom:audio-encoder-webm-vorbis: bf7c407c2cedff20999df2af8eb42d56 -> 
========================================================================
Received Prepare
Registering precompiled user dll's ...
Registered in 0.005175 seconds.
Begin MonoManager ReloadAssembly
Native extension for WindowsStandalone target not found
Refreshing native plugins compatible for Editor in 0.47 ms, found 2 plugins.
Preloading 0 native plugins for Editor in 0.00 ms.
Mono: successfully reloaded assembly
- Completed reload, in  1.535 seconds
Domain Reload Profiling:
	ReloadAssembly (1535ms)
		BeginReloadAssembly (141ms)
			ExecutionOrderSort (0ms)
			DisableScriptedObjects (8ms)
			BackupInstance (0ms)
			ReleaseScriptingObjects (0ms)
			CreateAndSetChildDomain (45ms)
		EndReloadAssembly (1289ms)
			LoadAssemblies (130ms)
			RebuildTransferFunctionScriptingTraits (0ms)
			SetupTypeCache (356ms)
			ReleaseScriptCaches (1ms)
			RebuildScriptCaches (45ms)
			SetupLoadedEditorAssemblies (497ms)
				LogAssemblyErrors (0ms)
				InitializePlatformSupportModulesInManaged (7ms)
				SetLoadedEditorAssemblies (1ms)
				RefreshPlugins (1ms)
				BeforeProcessingInitializeOnLoad (98ms)
				ProcessInitializeOnLoadAttributes (379ms)
				ProcessInitializeOnLoadMethodAttributes (5ms)
				AfterProcessingInitializeOnLoad (7ms)
				EditorAssembliesLoaded (0ms)
			ExecutionOrderSort2 (0ms)
			AwakeInstancesAfterBackupRestoration (8ms)
Platform modules already initialized, skipping
Switching build target platform(19) subTarget(0) extendedPlatform(0) -> platform(13) subTarget(589824) extendedPlatform(0)
Refreshing native plugins compatible for Editor in 0.45 ms, found 2 plugins.
Preloading 0 native plugins for Editor in 0.00 ms.
Unloading 1775 Unused Serialized files (Serialized files now loaded: 0)
System memory in use before: 81.5 MB.
System memory in use after: 81.6 MB.

Unloading 14 unused Assets to reduce memory usage. Loaded Objects now: 2328.
Total: 4.183800 ms (FindLiveObjects: 0.245700 ms CreateObjectMapping: 0.062300 ms MarkObjects: 3.850800 ms  DeleteObjects: 0.022400 ms)

AssetImportParameters requested are different than current active one (requested -> active):
  custom:framework-win-MediaFoundation: 216162199b28c13a410421893ffa2e32 -> 
  custom:video-decoder-ogg-theora: a1e56fd34408186e4bbccfd4996cb3dc -> 
  custom:container-muxer-webm: aa71ff27fc2769a1b78a27578f13a17b -> 
  custom:container-demuxer-webm: 4f35f7cbe854078d1ac9338744f61a02 -> 
  custom:container-demuxer-ogg: 62fdf1f143b41e24485cea50d1cbac27 -> 
  custom:video-encoder-webm-vp8: eb34c28f22e8b96e1ab97ce403110664 -> 
  custom:video-decoder-webm-vp8: 9c59270c3fd7afecdb556c50c9e8de78 -> 
  custom:graphics/normal-map-encoding: 01000000000000000000000000000000 -> 02000000000000000000000000000000
  custom:audio-decoder-ogg-vorbis: bf7c407c2cedff20999df2af8eb42d56 -> 
  custom:audio-encoder-webm-vorbis: bf7c407c2cedff20999df2af8eb42d56 -> 
========================================================================
Received Prepare
Refreshing native plugins compatible for Editor in 6.29 ms, found 2 plugins.
Preloading 0 native plugins for Editor in 0.00 ms.
Unloading 11 Unused Serialized files (Serialized files now loaded: 0)
System memory in use before: 46.6 MB.
System memory in use after: 46.7 MB.

Unloading 11 unused Assets to reduce memory usage. Loaded Objects now: 2328.
Total: 4.169500 ms (FindLiveObjects: 0.302800 ms CreateObjectMapping: 0.070000 ms MarkObjects: 3.773100 ms  DeleteObjects: 0.022400 ms)

AssetImportParameters requested are different than current active one (requested -> active):
  custom:framework-win-MediaFoundation: 216162199b28c13a410421893ffa2e32 -> 
  custom:video-decoder-ogg-theora: a1e56fd34408186e4bbccfd4996cb3dc -> 
  custom:container-muxer-webm: aa71ff27fc2769a1b78a27578f13a17b -> 
  custom:container-demuxer-webm: 4f35f7cbe854078d1ac9338744f61a02 -> 
  custom:container-demuxer-ogg: 62fdf1f143b41e24485cea50d1cbac27 -> 
  custom:video-encoder-webm-vp8: eb34c28f22e8b96e1ab97ce403110664 -> 
  custom:video-decoder-webm-vp8: 9c59270c3fd7afecdb556c50c9e8de78 -> 
  custom:audio-decoder-ogg-vorbis: bf7c407c2cedff20999df2af8eb42d56 -> 
  custom:audio-encoder-webm-vorbis: bf7c407c2cedff20999df2af8eb42d56 -> 
========================================================================
Received Import Request.
  Time since last request: 2588.850649 seconds.
  path: Assets/Prefab/SpawnObject.prefab
  artifactKey: Guid(8c1724a74e2cf454383674f5d3556baf) Importer(815301076,1909f56bfc062723c751e8b465ee728b)
Start importing Assets/Prefab/SpawnObject.prefab using Guid(8c1724a74e2cf454383674f5d3556baf) Importer(815301076,1909f56bfc062723c751e8b465ee728b)  -> (artifact id: '96dd604d6bd8ac56f247ec4d0aa4672e') in 0.203740 seconds 
  Import took 0.211384 seconds .

========================================================================
Received Import Request.
  Time since last request: 4.390346 seconds.
  path: Assets/Prefab/SpawnObject.prefab
  artifactKey: Guid(8c1724a74e2cf454383674f5d3556baf) Importer(815301076,1909f56bfc062723c751e8b465ee728b)
Start importing Assets/Prefab/SpawnObject.prefab using Guid(8c1724a74e2cf454383674f5d3556baf) Importer(815301076,1909f56bfc062723c751e8b465ee728b)  -> (artifact id: '5f6abf1bc830e792dc2d9712ec0d5be4') in 0.032175 seconds 
  Import took 0.038218 seconds .

========================================================================
Received Import Request.
  Time since last request: 11.655006 seconds.
  path: Assets/Prefab/SpawnObject.prefab
  artifactKey: Guid(8c1724a74e2cf454383674f5d3556baf) Importer(815301076,1909f56bfc062723c751e8b465ee728b)
Start importing Assets/Prefab/SpawnObject.prefab using Guid(8c1724a74e2cf454383674f5d3556baf) Importer(815301076,1909f56bfc062723c751e8b465ee728b)  -> (artifact id: '888ca5d7a3fd16431b5af550de861a8a') in 0.029296 seconds 
  Import took 0.034619 seconds .

========================================================================
Received Import Request.
  Time since last request: 13.263133 seconds.
  path: Assets/Prefab/SpawnObject.prefab
  artifactKey: Guid(8c1724a74e2cf454383674f5d3556baf) Importer(815301076,1909f56bfc062723c751e8b465ee728b)
Start importing Assets/Prefab/SpawnObject.prefab using Guid(8c1724a74e2cf454383674f5d3556baf) Importer(815301076,1909f56bfc062723c751e8b465ee728b)  -> (artifact id: 'a4331ade97bf3867ad3d5e415a20516f') in 0.024017 seconds 
  Import took 0.028690 seconds .

========================================================================
Received Import Request.
  Time since last request: 0.573902 seconds.
  path: Assets/Prefab/SpawnObject.prefab
  artifactKey: Guid(8c1724a74e2cf454383674f5d3556baf) Importer(815301076,1909f56bfc062723c751e8b465ee728b)
Start importing Assets/Prefab/SpawnObject.prefab using Guid(8c1724a74e2cf454383674f5d3556baf) Importer(815301076,1909f56bfc062723c751e8b465ee728b)  -> (artifact id: '7a5618bbba4f947dbe5d5b93fb5b7e74') in 0.030754 seconds 
  Import took 0.035025 seconds .

========================================================================
Received Import Request.
  Time since last request: 3.797538 seconds.
  path: Assets/Prefab/SpawnObject.prefab
  artifactKey: Guid(8c1724a74e2cf454383674f5d3556baf) Importer(815301076,1909f56bfc062723c751e8b465ee728b)
Start importing Assets/Prefab/SpawnObject.prefab using Guid(8c1724a74e2cf454383674f5d3556baf) Importer(815301076,1909f56bfc062723c751e8b465ee728b)  -> (artifact id: '57861306ec197b6a2af54ef3f84e70cf') in 0.029329 seconds 
  Import took 0.033922 seconds .

========================================================================
Received Import Request.
  Time since last request: 18.922358 seconds.
  path: Assets/Prefab/SpawnObject.prefab
  artifactKey: Guid(8c1724a74e2cf454383674f5d3556baf) Importer(815301076,1909f56bfc062723c751e8b465ee728b)
Start importing Assets/Prefab/SpawnObject.prefab using Guid(8c1724a74e2cf454383674f5d3556baf) Importer(815301076,1909f56bfc062723c751e8b465ee728b)  -> (artifact id: '7a6cd8708619c7a3b481886ba9c1800f') in 0.024822 seconds 
  Import took 0.029489 seconds .

========================================================================
Received Import Request.
  Time since last request: 6.819159 seconds.
  path: Assets/Prefab/SpawnObject.prefab
  artifactKey: Guid(8c1724a74e2cf454383674f5d3556baf) Importer(815301076,1909f56bfc062723c751e8b465ee728b)
Start importing Assets/Prefab/SpawnObject.prefab using Guid(8c1724a74e2cf454383674f5d3556baf) Importer(815301076,1909f56bfc062723c751e8b465ee728b)  -> (artifact id: 'd7c26d442d28d35ce9f7a1430535c577') in 0.028040 seconds 
  Import took 0.033328 seconds .

========================================================================
Received Import Request.
  Time since last request: 3.001217 seconds.
  path: Assets/Prefab/SpawnObject.prefab
  artifactKey: Guid(8c1724a74e2cf454383674f5d3556baf) Importer(815301076,1909f56bfc062723c751e8b465ee728b)
Start importing Assets/Prefab/SpawnObject.prefab using Guid(8c1724a74e2cf454383674f5d3556baf) Importer(815301076,1909f56bfc062723c751e8b465ee728b)  -> (artifact id: '46be411f837c779b86e38fb4fed028bc') in 0.020774 seconds 
  Import took 0.026170 seconds .

========================================================================
Received Import Request.
  Time since last request: 3.187714 seconds.
  path: Assets/Prefab/SpawnObject.prefab
  artifactKey: Guid(8c1724a74e2cf454383674f5d3556baf) Importer(815301076,1909f56bfc062723c751e8b465ee728b)
Start importing Assets/Prefab/SpawnObject.prefab using Guid(8c1724a74e2cf454383674f5d3556baf) Importer(815301076,1909f56bfc062723c751e8b465ee728b)  -> (artifact id: '31eae24d093e4483a595bd1ce6716a8b') in 0.030677 seconds 
  Import took 0.036727 seconds .

========================================================================
Received Import Request.
  Time since last request: 4.792927 seconds.
  path: Assets/Prefab/SpawnObject.prefab
  artifactKey: Guid(8c1724a74e2cf454383674f5d3556baf) Importer(815301076,1909f56bfc062723c751e8b465ee728b)
Start importing Assets/Prefab/SpawnObject.prefab using Guid(8c1724a74e2cf454383674f5d3556baf) Importer(815301076,1909f56bfc062723c751e8b465ee728b)  -> (artifact id: 'bf6ed3c3e7042aa36f54220c8c3fd680') in 0.024304 seconds 
  Import took 0.029837 seconds .

========================================================================
Received Prepare
Refreshing native plugins compatible for Editor in 13.23 ms, found 2 plugins.
Preloading 0 native plugins for Editor in 0.00 ms.
Unloading 11 Unused Serialized files (Serialized files now loaded: 0)
System memory in use before: 46.8 MB.
System memory in use after: 46.9 MB.

Unloading 12 unused Assets to reduce memory usage. Loaded Objects now: 2329.
Total: 5.533200 ms (FindLiveObjects: 0.341500 ms CreateObjectMapping: 0.070200 ms MarkObjects: 5.086000 ms  DeleteObjects: 0.033900 ms)

AssetImportParameters requested are different than current active one (requested -> active):
  custom:framework-win-MediaFoundation: 216162199b28c13a410421893ffa2e32 -> 
  custom:video-decoder-ogg-theora: a1e56fd34408186e4bbccfd4996cb3dc -> 
  custom:container-muxer-webm: aa71ff27fc2769a1b78a27578f13a17b -> 
  custom:container-demuxer-webm: 4f35f7cbe854078d1ac9338744f61a02 -> 
  custom:container-demuxer-ogg: 62fdf1f143b41e24485cea50d1cbac27 -> 
  custom:video-encoder-webm-vp8: eb34c28f22e8b96e1ab97ce403110664 -> 
  custom:video-decoder-webm-vp8: 9c59270c3fd7afecdb556c50c9e8de78 -> 
  custom:audio-decoder-ogg-vorbis: bf7c407c2cedff20999df2af8eb42d56 -> 
  custom:audio-encoder-webm-vorbis: bf7c407c2cedff20999df2af8eb42d56 -> 
========================================================================
Received Import Request.
  Time since last request: 670.248719 seconds.
  path: Assets/Animation
  artifactKey: Guid(43aaad8a93a0c4c42b23a761bbdd3032) Importer(815301076,1909f56bfc062723c751e8b465ee728b)
Start importing Assets/Animation using Guid(43aaad8a93a0c4c42b23a761bbdd3032) Importer(815301076,1909f56bfc062723c751e8b465ee728b)  -> (artifact id: 'a0af64ddfe2709f0b03a88c9922234c4') in 0.013754 seconds 
  Import took 0.031465 seconds .

========================================================================
Received Import Request.
  Time since last request: 0.456944 seconds.
  path: Assets/Scenes/PruebaRaycast.unity
  artifactKey: Guid(80de2ea720d45a84ab07a47655bff219) Importer(815301076,1909f56bfc062723c751e8b465ee728b)
Start importing Assets/Scenes/PruebaRaycast.unity using Guid(80de2ea720d45a84ab07a47655bff219) Importer(815301076,1909f56bfc062723c751e8b465ee728b)  -> (artifact id: '58e58f6edd1950c8eb070202522a164e') in 0.050417 seconds 
  Import took 0.054599 seconds .

========================================================================
Received Import Request.
  Time since last request: 0.660613 seconds.
  path: Assets/Scenes/tutorial.unity
  artifactKey: Guid(b02bbf0cddc825a468beb8282fbf34bb) Importer(815301076,1909f56bfc062723c751e8b465ee728b)
Start importing Assets/Scenes/tutorial.unity using Guid(b02bbf0cddc825a468beb8282fbf34bb) Importer(815301076,1909f56bfc062723c751e8b465ee728b)  -> (artifact id: 'bc8e8ef97331b03ffcd92278a912bba5') in 0.011037 seconds 
  Import took 0.016500 seconds .

========================================================================
Received Import Request.
  Time since last request: 0.399333 seconds.
  path: Assets/Animation/PlaceholderIndicationAnim.anim
  artifactKey: Guid(54b4c0e897f89404c8ac45531df473b0) Importer(815301076,1909f56bfc062723c751e8b465ee728b)
Start importing Assets/Animation/PlaceholderIndicationAnim.anim using Guid(54b4c0e897f89404c8ac45531df473b0) Importer(815301076,1909f56bfc062723c751e8b465ee728b)  -> (artifact id: '31b7c1d7fe55ff981f95605eb26c57fe') in 0.064209 seconds 
  Import took 0.069264 seconds .

========================================================================
Received Import Request.
  Time since last request: 0.449802 seconds.
  path: Assets/Scenes/Index.unity
  artifactKey: Guid(dd5c40f6e3323a94c93035970353fc05) Importer(815301076,1909f56bfc062723c751e8b465ee728b)
Start importing Assets/Scenes/Index.unity using Guid(dd5c40f6e3323a94c93035970353fc05) Importer(815301076,1909f56bfc062723c751e8b465ee728b)  -> (artifact id: '43b98834e95072ffd315934984e21570') in 0.008799 seconds 
  Import took 0.014890 seconds .

========================================================================
Received Import Request.
  Time since last request: 1.469798 seconds.
  path: Assets/Scripts/PlacementIndicator.cs
  artifactKey: Guid(b8b3376717e05274195e50fdcba70254) Importer(815301076,1909f56bfc062723c751e8b465ee728b)
Start importing Assets/Scripts/PlacementIndicator.cs using Guid(b8b3376717e05274195e50fdcba70254) Importer(815301076,1909f56bfc062723c751e8b465ee728b)  -> (artifact id: 'a773e9d8a027ccf58c256c80b832a833') in 0.004788 seconds 
  Import took 0.009681 seconds .

========================================================================
Received Import Request.
  Time since last request: 0.118158 seconds.
  path: Assets/Animation/PlaceholderIndication.controller
  artifactKey: Guid(864288c1022b9ac489064163716d5643) Importer(815301076,1909f56bfc062723c751e8b465ee728b)
Start importing Assets/Animation/PlaceholderIndication.controller using Guid(864288c1022b9ac489064163716d5643) Importer(815301076,1909f56bfc062723c751e8b465ee728b)  -> (artifact id: '265f58f2d4c5e7a5c0f0cf3742a831f3') in 0.080472 seconds 
  Import took 0.086437 seconds .

AssetImportWorkerClient::OnTransportError - code=2 error=End of file
